<?xml version="1.0" encoding="UTF-8"?>
<!-- Generated by org.testng.reporters.JUnitXMLReporter -->
<testsuite hostname="LP-5CD120NM2G" ignored="0" name="Default test" tests="5" failures="0" timestamp="23 Aug 2021 13:07:30 GMT" time="0.043" errors="0">
  <testcase name="changeInvocationCountOfMethod" time="0.02" classname="TestNg.Listeners.IAnotationTransformerWithExample"/>
  <testcase name="changeInvocationCountOfMethod" time="0.002" classname="TestNg.Listeners.IAnotationTransformerWithExample"/>
  <testcase name="changeInvocationCountOfMethod" time="0.0" classname="TestNg.Listeners.IAnotationTransformerWithExample"/>
  <testcase name="changeInvocationCountOfMethod" time="0.0" classname="TestNg.Listeners.IAnotationTransformerWithExample"/>
  <testcase name="changeInvocationCountOfMethod" time="0.0" classname="TestNg.Listeners.IAnotationTransformerWithExample"/>
</testsuite> <!-- Default test -->
