<?xml version="1.0" encoding="UTF-8"?>
<!-- Generated by org.testng.reporters.JUnitXMLReporter -->
<testsuite hostname="LP-5CD120NM2G" ignored="0" name="Smoke testing" tests="3" failures="0" timestamp="05 Aug 2021 12:17:38 GMT" time="0.016" errors="0">
  <testcase name="a" time="0.0" classname="com.example.Parallel_testing"/>
  <testcase name="b" time="0.0" classname="com.example.Parallel_testing"/>
  <testcase name="c" time="0.0" classname="com.example.Parallel_testing"/>
</testsuite> <!-- Smoke testing -->
